<?xml version="1.0" encoding="UTF-8"?>
<testsuite name="com.june.book.springboot.web.dto.HelloResponseDtoTest" tests="1" skipped="0" failures="0" errors="0" timestamp="2020-08-11T10:15:24" hostname="JunePC" time="0.01">
  <properties/>
  <testcase name="롬복_기능_테스트" classname="com.june.book.springboot.web.dto.HelloResponseDtoTest" time="0.01"/>
  <system-out><![CDATA[]]></system-out>
  <system-err><![CDATA[]]></system-err>
</testsuite>
