<?xml version="1.0" encoding="UTF-8"?>
<testsuite name="com.june.book.springboot.web.PostsApiControllerTest" tests="2" skipped="0" failures="0" errors="0" timestamp="2020-08-07T06:19:08" hostname="JunePC" time="0.705">
  <properties/>
  <testcase name="Posts_등록된다" classname="com.june.book.springboot.web.PostsApiControllerTest" time="0.63"/>
  <testcase name="Posts_수정된다" classname="com.june.book.springboot.web.PostsApiControllerTest" time="0.074"/>
  <system-out><![CDATA[2020-08-07 15:19:08.022  INFO 4492 --- [    Test worker] .b.t.c.SpringBootTestContextBootstrapper : Neither @ContextConfiguration nor @ContextHierarchy found for test class [com.june.book.springboot.web.PostsApiControllerTest], using SpringBootContextLoader
2020-08-07 15:19:08.027  INFO 4492 --- [    Test worker] o.s.t.c.support.AbstractContextLoader    : Could not detect default resource locations for test class [com.june.book.springboot.web.PostsApiControllerTest]: no resource found for suffixes {-context.xml, Context.groovy}.
2020-08-07 15:19:08.027  INFO 4492 --- [    Test worker] t.c.s.AnnotationConfigContextLoaderUtils : Could not detect default configuration classes for test class [com.june.book.springboot.web.PostsApiControllerTest]: PostsApiControllerTest does not declare any static, non-private, non-final, nested classes annotated with @Configuration.
2020-08-07 15:19:08.029  INFO 4492 --- [    Test worker] .b.t.c.SpringBootTestContextBootstrapper : Found @SpringBootConfiguration com.june.book.springboot.Application for test class com.june.book.springboot.web.PostsApiControllerTest
2020-08-07 15:19:08.033  INFO 4492 --- [    Test worker] .b.t.c.SpringBootTestContextBootstrapper : Loaded default TestExecutionListener class names from location [META-INF/spring.factories]: [org.springframework.boot.test.autoconfigure.restdocs.RestDocsTestExecutionListener, org.springframework.boot.test.autoconfigure.web.client.MockRestServiceServerResetTestExecutionListener, org.springframework.boot.test.autoconfigure.web.servlet.MockMvcPrintOnlyOnFailureTestExecutionListener, org.springframework.boot.test.autoconfigure.web.servlet.WebDriverTestExecutionListener, org.springframework.boot.test.mock.mockito.MockitoTestExecutionListener, org.springframework.boot.test.mock.mockito.ResetMocksTestExecutionListener, org.springframework.test.context.web.ServletTestExecutionListener, org.springframework.test.context.support.DirtiesContextBeforeModesTestExecutionListener, org.springframework.test.context.support.DependencyInjectionTestExecutionListener, org.springframework.test.context.support.DirtiesContextTestExecutionListener, org.springframework.test.context.transaction.TransactionalTestExecutionListener, org.springframework.test.context.jdbc.SqlScriptsTestExecutionListener]
2020-08-07 15:19:08.036  INFO 4492 --- [    Test worker] .b.t.c.SpringBootTestContextBootstrapper : Using TestExecutionListeners: [org.springframework.test.context.web.ServletTestExecutionListener@1e38f0a4, org.springframework.test.context.support.DirtiesContextBeforeModesTestExecutionListener@73c645a0, org.springframework.boot.test.mock.mockito.MockitoTestExecutionListener@7205b65e, org.springframework.boot.test.autoconfigure.SpringBootDependencyInjectionTestExecutionListener@1e4af3bf, org.springframework.test.context.support.DirtiesContextTestExecutionListener@47ae8d02, org.springframework.test.context.transaction.TransactionalTestExecutionListener@6043b12, org.springframework.test.context.jdbc.SqlScriptsTestExecutionListener@596cdaca, org.springframework.boot.test.autoconfigure.restdocs.RestDocsTestExecutionListener@10720d53, org.springframework.boot.test.autoconfigure.web.client.MockRestServiceServerResetTestExecutionListener@230744c2, org.springframework.boot.test.autoconfigure.web.servlet.MockMvcPrintOnlyOnFailureTestExecutionListener@47c371b, org.springframework.boot.test.autoconfigure.web.servlet.WebDriverTestExecutionListener@3bf917d4, org.springframework.boot.test.mock.mockito.ResetMocksTestExecutionListener@3be18d6d]
Hibernate: insert into posts (created_date, modified_date, author, content, title) values (?, ?, ?, ?, ?)
2020-08-07 15:19:08.676  INFO 4492 --- [    Test worker] o.h.h.i.QueryTranslatorFactoryInitiator  : HHH000397: Using ASTQueryTranslatorFactory
Hibernate: select posts0_.id as id1_0_, posts0_.created_date as created_2_0_, posts0_.modified_date as modified3_0_, posts0_.author as author4_0_, posts0_.content as content5_0_, posts0_.title as title6_0_ from posts posts0_
Hibernate: delete from posts where id=?
Hibernate: insert into posts (created_date, modified_date, author, content, title) values (?, ?, ?, ?, ?)
Hibernate: select posts0_.id as id1_0_0_, posts0_.created_date as created_2_0_0_, posts0_.modified_date as modified3_0_0_, posts0_.author as author4_0_0_, posts0_.content as content5_0_0_, posts0_.title as title6_0_0_ from posts posts0_ where posts0_.id=?
Hibernate: update posts set created_date=?, modified_date=?, author=?, content=?, title=? where id=?
Hibernate: select posts0_.id as id1_0_, posts0_.created_date as created_2_0_, posts0_.modified_date as modified3_0_, posts0_.author as author4_0_, posts0_.content as content5_0_, posts0_.title as title6_0_ from posts posts0_
Hibernate: select posts0_.id as id1_0_, posts0_.created_date as created_2_0_, posts0_.modified_date as modified3_0_, posts0_.author as author4_0_, posts0_.content as content5_0_, posts0_.title as title6_0_ from posts posts0_
Hibernate: delete from posts where id=?
]]></system-out>
  <system-err><![CDATA[]]></system-err>
</testsuite>
