<?xml version="1.0" encoding="UTF-8"?>
<testsuite name="com.june.book.springboot.web.ProfileControllerTest" tests="1" skipped="0" failures="0" errors="0" timestamp="2020-08-20T07:22:51" hostname="JunePC" time="0.033">
  <properties/>
  <testcase name="profile은_인증없이_호출된다" classname="com.june.book.springboot.web.ProfileControllerTest" time="0.033"/>
  <system-out><![CDATA[2020-08-20 16:22:51.968  INFO 18024 --- [    Test worker] .b.t.c.SpringBootTestContextBootstrapper : Neither @ContextConfiguration nor @ContextHierarchy found for test class [com.june.book.springboot.web.ProfileControllerTest], using SpringBootContextLoader
2020-08-20 16:22:51.970  INFO 18024 --- [    Test worker] o.s.t.c.support.AbstractContextLoader    : Could not detect default resource locations for test class [com.june.book.springboot.web.ProfileControllerTest]: no resource found for suffixes {-context.xml, Context.groovy}.
2020-08-20 16:22:51.970  INFO 18024 --- [    Test worker] t.c.s.AnnotationConfigContextLoaderUtils : Could not detect default configuration classes for test class [com.june.book.springboot.web.ProfileControllerTest]: ProfileControllerTest does not declare any static, non-private, non-final, nested classes annotated with @Configuration.
2020-08-20 16:22:51.974  INFO 18024 --- [    Test worker] .b.t.c.SpringBootTestContextBootstrapper : Found @SpringBootConfiguration com.june.book.springboot.Application for test class com.june.book.springboot.web.ProfileControllerTest
2020-08-20 16:22:51.977  INFO 18024 --- [    Test worker] .b.t.c.SpringBootTestContextBootstrapper : Loaded default TestExecutionListener class names from location [META-INF/spring.factories]: [org.springframework.security.test.context.support.WithSecurityContextTestExecutionListener, org.springframework.security.test.context.support.ReactorContextTestExecutionListener, org.springframework.boot.test.autoconfigure.restdocs.RestDocsTestExecutionListener, org.springframework.boot.test.autoconfigure.web.client.MockRestServiceServerResetTestExecutionListener, org.springframework.boot.test.autoconfigure.web.servlet.MockMvcPrintOnlyOnFailureTestExecutionListener, org.springframework.boot.test.autoconfigure.web.servlet.WebDriverTestExecutionListener, org.springframework.boot.test.mock.mockito.MockitoTestExecutionListener, org.springframework.boot.test.mock.mockito.ResetMocksTestExecutionListener, org.springframework.test.context.web.ServletTestExecutionListener, org.springframework.test.context.support.DirtiesContextBeforeModesTestExecutionListener, org.springframework.test.context.support.DependencyInjectionTestExecutionListener, org.springframework.test.context.support.DirtiesContextTestExecutionListener, org.springframework.test.context.transaction.TransactionalTestExecutionListener, org.springframework.test.context.jdbc.SqlScriptsTestExecutionListener]
2020-08-20 16:22:51.982  INFO 18024 --- [    Test worker] .b.t.c.SpringBootTestContextBootstrapper : Using TestExecutionListeners: [org.springframework.test.context.web.ServletTestExecutionListener@74b1bcbc, org.springframework.test.context.support.DirtiesContextBeforeModesTestExecutionListener@6424c8c8, org.springframework.boot.test.mock.mockito.MockitoTestExecutionListener@79cb328c, org.springframework.boot.test.autoconfigure.SpringBootDependencyInjectionTestExecutionListener@736eaf5e, org.springframework.test.context.support.DirtiesContextTestExecutionListener@ac3b9d3, org.springframework.test.context.transaction.TransactionalTestExecutionListener@48e352cb, org.springframework.test.context.jdbc.SqlScriptsTestExecutionListener@689c5609, org.springframework.security.test.context.support.WithSecurityContextTestExecutionListener@6e0e101b, org.springframework.security.test.context.support.ReactorContextTestExecutionListener@79142128, org.springframework.boot.test.autoconfigure.restdocs.RestDocsTestExecutionListener@2b3341cb, org.springframework.boot.test.autoconfigure.web.client.MockRestServiceServerResetTestExecutionListener@219566ba, org.springframework.boot.test.autoconfigure.web.servlet.MockMvcPrintOnlyOnFailureTestExecutionListener@3f85245b, org.springframework.boot.test.autoconfigure.web.servlet.WebDriverTestExecutionListener@67c04fe2, org.springframework.boot.test.mock.mockito.ResetMocksTestExecutionListener@56cc77c8]
]]></system-out>
  <system-err><![CDATA[]]></system-err>
</testsuite>
