<?xml version="1.0" encoding="UTF-8"?>
<testsuite name="com.june.book.springboot.web.HelloControllerTest" tests="2" skipped="0" failures="0" errors="0" timestamp="2020-08-17T08:30:12" hostname="JunePC" time="1.076">
  <properties/>
  <testcase name="hello가_리턴된다" classname="com.june.book.springboot.web.HelloControllerTest" time="0.386"/>
  <testcase name="helloDto가_리턴된다" classname="com.june.book.springboot.web.HelloControllerTest" time="0.687"/>
  <system-out><![CDATA[2020-08-17 17:30:02.850  INFO 23052 --- [    Test worker] .b.t.a.w.s.WebMvcTestContextBootstrapper : Neither @ContextConfiguration nor @ContextHierarchy found for test class [com.june.book.springboot.web.HelloControllerTest], using SpringBootContextLoader
2020-08-17 17:30:02.851  INFO 23052 --- [    Test worker] o.s.t.c.support.AbstractContextLoader    : Could not detect default resource locations for test class [com.june.book.springboot.web.HelloControllerTest]: no resource found for suffixes {-context.xml, Context.groovy}.
2020-08-17 17:30:02.852  INFO 23052 --- [    Test worker] t.c.s.AnnotationConfigContextLoaderUtils : Could not detect default configuration classes for test class [com.june.book.springboot.web.HelloControllerTest]: HelloControllerTest does not declare any static, non-private, non-final, nested classes annotated with @Configuration.
2020-08-17 17:30:03.107  INFO 23052 --- [    Test worker] .b.t.c.SpringBootTestContextBootstrapper : Found @SpringBootConfiguration com.june.book.springboot.Application for test class com.june.book.springboot.web.HelloControllerTest
2020-08-17 17:30:03.108  INFO 23052 --- [    Test worker] .b.t.a.w.s.WebMvcTestContextBootstrapper : Loaded default TestExecutionListener class names from location [META-INF/spring.factories]: [org.springframework.security.test.context.support.WithSecurityContextTestExecutionListener, org.springframework.security.test.context.support.ReactorContextTestExecutionListener, org.springframework.boot.test.autoconfigure.restdocs.RestDocsTestExecutionListener, org.springframework.boot.test.autoconfigure.web.client.MockRestServiceServerResetTestExecutionListener, org.springframework.boot.test.autoconfigure.web.servlet.MockMvcPrintOnlyOnFailureTestExecutionListener, org.springframework.boot.test.autoconfigure.web.servlet.WebDriverTestExecutionListener, org.springframework.boot.test.mock.mockito.MockitoTestExecutionListener, org.springframework.boot.test.mock.mockito.ResetMocksTestExecutionListener, org.springframework.test.context.web.ServletTestExecutionListener, org.springframework.test.context.support.DirtiesContextBeforeModesTestExecutionListener, org.springframework.test.context.support.DependencyInjectionTestExecutionListener, org.springframework.test.context.support.DirtiesContextTestExecutionListener, org.springframework.test.context.transaction.TransactionalTestExecutionListener, org.springframework.test.context.jdbc.SqlScriptsTestExecutionListener]
2020-08-17 17:30:03.114  INFO 23052 --- [    Test worker] .b.t.a.w.s.WebMvcTestContextBootstrapper : Using TestExecutionListeners: [org.springframework.test.context.web.ServletTestExecutionListener@b996c4, org.springframework.test.context.support.DirtiesContextBeforeModesTestExecutionListener@182c491d, org.springframework.boot.test.mock.mockito.MockitoTestExecutionListener@5382ed99, org.springframework.boot.test.autoconfigure.SpringBootDependencyInjectionTestExecutionListener@10ac73c1, org.springframework.test.context.support.DirtiesContextTestExecutionListener@5c6fc8a6, org.springframework.test.context.transaction.TransactionalTestExecutionListener@26f11697, org.springframework.test.context.jdbc.SqlScriptsTestExecutionListener@62dbd9f5, org.springframework.security.test.context.support.WithSecurityContextTestExecutionListener@119a8c14, org.springframework.security.test.context.support.ReactorContextTestExecutionListener@33124c79, org.springframework.boot.test.autoconfigure.restdocs.RestDocsTestExecutionListener@1df9a122, org.springframework.boot.test.autoconfigure.web.client.MockRestServiceServerResetTestExecutionListener@21d1d719, org.springframework.boot.test.autoconfigure.web.servlet.MockMvcPrintOnlyOnFailureTestExecutionListener@646e151b, org.springframework.boot.test.autoconfigure.web.servlet.WebDriverTestExecutionListener@45befc6b, org.springframework.boot.test.mock.mockito.ResetMocksTestExecutionListener@151eb54f]

  .   ____          _            __ _ _
 /\\ / ___'_ __ _ _(_)_ __  __ _ \ \ \ \
( ( )\___ | '_ | '_| | '_ \/ _` | \ \ \ \
 \\/  ___)| |_)| | | | | || (_| |  ) ) ) )
  '  |____| .__|_| |_|_| |_\__, | / / / /
 =========|_|==============|___/=/_/_/_/
 :: Spring Boot ::        (v2.1.7.RELEASE)

2020-08-17 17:30:03.464  INFO 23052 --- [    Test worker] c.j.b.s.web.HelloControllerTest          : Starting HelloControllerTest on JunePC with PID 23052 (started by June in D:\freelec-springboot2-webservice)
2020-08-17 17:30:03.479  INFO 23052 --- [    Test worker] c.j.b.s.web.HelloControllerTest          : No active profile set, falling back to default profiles: default
2020-08-17 17:30:07.980  INFO 23052 --- [    Test worker] o.s.s.concurrent.ThreadPoolTaskExecutor  : Initializing ExecutorService 'applicationTaskExecutor'
2020-08-17 17:30:08.238  INFO 23052 --- [    Test worker] o.s.b.a.w.s.WelcomePageHandlerMapping    : Adding welcome page template: index
2020-08-17 17:30:10.828  INFO 23052 --- [    Test worker] .s.s.UserDetailsServiceAutoConfiguration : 

Using generated security password: 9cf47393-5704-4ca3-b321-6335f83cd54f

2020-08-17 17:30:11.865  INFO 23052 --- [    Test worker] o.s.s.web.DefaultSecurityFilterChain     : Creating filter chain: any request, [org.springframework.security.web.context.request.async.WebAsyncManagerIntegrationFilter@299770, org.springframework.security.web.context.SecurityContextPersistenceFilter@28b0f810, org.springframework.security.web.header.HeaderWriterFilter@72c4543b, org.springframework.security.web.csrf.CsrfFilter@2bb639c7, org.springframework.security.web.authentication.logout.LogoutFilter@39eda3fd, org.springframework.security.web.authentication.UsernamePasswordAuthenticationFilter@fc7ceac, org.springframework.security.web.authentication.ui.DefaultLoginPageGeneratingFilter@69d56df5, org.springframework.security.web.authentication.ui.DefaultLogoutPageGeneratingFilter@631add18, org.springframework.security.web.authentication.www.BasicAuthenticationFilter@4bc0213d, org.springframework.security.web.savedrequest.RequestCacheAwareFilter@6002beea, org.springframework.security.web.servletapi.SecurityContextHolderAwareRequestFilter@30374b5d, org.springframework.security.web.authentication.AnonymousAuthenticationFilter@2919c18f, org.springframework.security.web.session.SessionManagementFilter@682623a5, org.springframework.security.web.access.ExceptionTranslationFilter@4cf08145, org.springframework.security.web.access.intercept.FilterSecurityInterceptor@5ad8444c]
2020-08-17 17:30:11.979  INFO 23052 --- [    Test worker] o.s.b.t.m.w.SpringBootMockServletContext : Initializing Spring TestDispatcherServlet ''
2020-08-17 17:30:11.980  INFO 23052 --- [    Test worker] o.s.t.web.servlet.TestDispatcherServlet  : Initializing Servlet ''
2020-08-17 17:30:12.033  INFO 23052 --- [    Test worker] o.s.t.web.servlet.TestDispatcherServlet  : Completed initialization in 53 ms
2020-08-17 17:30:12.194  INFO 23052 --- [    Test worker] c.j.b.s.web.HelloControllerTest          : Started HelloControllerTest in 9.075 seconds (JVM running for 62.382)
]]></system-out>
  <system-err><![CDATA[]]></system-err>
</testsuite>
