<?xml version="1.0" encoding="UTF-8"?>
<testsuite name="com.june.book.springboot.web.HelloControllerTest" tests="2" skipped="0" failures="0" errors="0" timestamp="2020-08-11T10:15:26" hostname="JunePC" time="0.331">
  <properties/>
  <testcase name="hello가_리턴된다" classname="com.june.book.springboot.web.HelloControllerTest" time="0.172"/>
  <testcase name="helloDto가_리턴된다" classname="com.june.book.springboot.web.HelloControllerTest" time="0.148"/>
  <system-out><![CDATA[2020-08-11 19:15:24.764  INFO 2948 --- [    Test worker] .b.t.a.w.s.WebMvcTestContextBootstrapper : Neither @ContextConfiguration nor @ContextHierarchy found for test class [com.june.book.springboot.web.HelloControllerTest], using SpringBootContextLoader
2020-08-11 19:15:24.767  INFO 2948 --- [    Test worker] o.s.t.c.support.AbstractContextLoader    : Could not detect default resource locations for test class [com.june.book.springboot.web.HelloControllerTest]: no resource found for suffixes {-context.xml, Context.groovy}.
2020-08-11 19:15:24.768  INFO 2948 --- [    Test worker] t.c.s.AnnotationConfigContextLoaderUtils : Could not detect default configuration classes for test class [com.june.book.springboot.web.HelloControllerTest]: HelloControllerTest does not declare any static, non-private, non-final, nested classes annotated with @Configuration.
2020-08-11 19:15:24.840  INFO 2948 --- [    Test worker] .b.t.c.SpringBootTestContextBootstrapper : Found @SpringBootConfiguration com.june.book.springboot.Application for test class com.june.book.springboot.web.HelloControllerTest
2020-08-11 19:15:24.845  INFO 2948 --- [    Test worker] .b.t.a.w.s.WebMvcTestContextBootstrapper : Loaded default TestExecutionListener class names from location [META-INF/spring.factories]: [org.springframework.security.test.context.support.WithSecurityContextTestExecutionListener, org.springframework.security.test.context.support.ReactorContextTestExecutionListener, org.springframework.boot.test.autoconfigure.restdocs.RestDocsTestExecutionListener, org.springframework.boot.test.autoconfigure.web.client.MockRestServiceServerResetTestExecutionListener, org.springframework.boot.test.autoconfigure.web.servlet.MockMvcPrintOnlyOnFailureTestExecutionListener, org.springframework.boot.test.autoconfigure.web.servlet.WebDriverTestExecutionListener, org.springframework.boot.test.mock.mockito.MockitoTestExecutionListener, org.springframework.boot.test.mock.mockito.ResetMocksTestExecutionListener, org.springframework.test.context.web.ServletTestExecutionListener, org.springframework.test.context.support.DirtiesContextBeforeModesTestExecutionListener, org.springframework.test.context.support.DependencyInjectionTestExecutionListener, org.springframework.test.context.support.DirtiesContextTestExecutionListener, org.springframework.test.context.transaction.TransactionalTestExecutionListener, org.springframework.test.context.jdbc.SqlScriptsTestExecutionListener]
2020-08-11 19:15:24.873  INFO 2948 --- [    Test worker] .b.t.a.w.s.WebMvcTestContextBootstrapper : Using TestExecutionListeners: [org.springframework.test.context.web.ServletTestExecutionListener@79294117, org.springframework.test.context.support.DirtiesContextBeforeModesTestExecutionListener@10f5f2a, org.springframework.boot.test.mock.mockito.MockitoTestExecutionListener@1e6838cb, org.springframework.boot.test.autoconfigure.SpringBootDependencyInjectionTestExecutionListener@380a4470, org.springframework.test.context.support.DirtiesContextTestExecutionListener@b189b9f, org.springframework.test.context.transaction.TransactionalTestExecutionListener@709563d9, org.springframework.test.context.jdbc.SqlScriptsTestExecutionListener@2f64a360, org.springframework.security.test.context.support.WithSecurityContextTestExecutionListener@45274b38, org.springframework.security.test.context.support.ReactorContextTestExecutionListener@a2ce460, org.springframework.boot.test.autoconfigure.restdocs.RestDocsTestExecutionListener@517cd557, org.springframework.boot.test.autoconfigure.web.client.MockRestServiceServerResetTestExecutionListener@5b0903bb, org.springframework.boot.test.autoconfigure.web.servlet.MockMvcPrintOnlyOnFailureTestExecutionListener@2408fd69, org.springframework.boot.test.autoconfigure.web.servlet.WebDriverTestExecutionListener@49ea126c, org.springframework.boot.test.mock.mockito.ResetMocksTestExecutionListener@7e8bb06b]

  .   ____          _            __ _ _
 /\\ / ___'_ __ _ _(_)_ __  __ _ \ \ \ \
( ( )\___ | '_ | '_| | '_ \/ _` | \ \ \ \
 \\/  ___)| |_)| | | | | || (_| |  ) ) ) )
  '  |____| .__|_| |_|_| |_\__, | / / / /
 =========|_|==============|___/=/_/_/_/
 :: Spring Boot ::        (v2.1.7.RELEASE)

2020-08-11 19:15:24.970  INFO 2948 --- [    Test worker] c.j.b.s.web.HelloControllerTest          : Starting HelloControllerTest on JunePC with PID 2948 (started by June in D:\freelec-springboot2-webservice)
2020-08-11 19:15:24.971  INFO 2948 --- [    Test worker] c.j.b.s.web.HelloControllerTest          : No active profile set, falling back to default profiles: default
2020-08-11 19:15:25.679  INFO 2948 --- [    Test worker] o.s.s.concurrent.ThreadPoolTaskExecutor  : Initializing ExecutorService 'applicationTaskExecutor'
2020-08-11 19:15:25.728  INFO 2948 --- [    Test worker] o.s.b.a.w.s.WelcomePageHandlerMapping    : Adding welcome page template: index
2020-08-11 19:15:26.025  INFO 2948 --- [    Test worker] .s.s.UserDetailsServiceAutoConfiguration : 

Using generated security password: 7f9768c8-4805-48b6-a88c-17054b3d2c4d

2020-08-11 19:15:26.207  INFO 2948 --- [    Test worker] o.s.s.web.DefaultSecurityFilterChain     : Creating filter chain: any request, [org.springframework.security.web.context.request.async.WebAsyncManagerIntegrationFilter@1f6d807f, org.springframework.security.web.context.SecurityContextPersistenceFilter@3b8ec68f, org.springframework.security.web.header.HeaderWriterFilter@61fffff, org.springframework.security.web.csrf.CsrfFilter@6acee4da, org.springframework.security.web.authentication.logout.LogoutFilter@7b73b7f1, org.springframework.security.web.authentication.UsernamePasswordAuthenticationFilter@48a6c95a, org.springframework.security.web.authentication.ui.DefaultLoginPageGeneratingFilter@a781b5, org.springframework.security.web.authentication.ui.DefaultLogoutPageGeneratingFilter@95bba07, org.springframework.security.web.authentication.www.BasicAuthenticationFilter@bfe8272, org.springframework.security.web.savedrequest.RequestCacheAwareFilter@3300be0f, org.springframework.security.web.servletapi.SecurityContextHolderAwareRequestFilter@4a195f97, org.springframework.security.web.authentication.AnonymousAuthenticationFilter@76c9444c, org.springframework.security.web.session.SessionManagementFilter@1b6a23d2, org.springframework.security.web.access.ExceptionTranslationFilter@7d4eb908, org.springframework.security.web.access.intercept.FilterSecurityInterceptor@26f5c3a4]
2020-08-11 19:15:26.252  INFO 2948 --- [    Test worker] o.s.b.t.m.w.SpringBootMockServletContext : Initializing Spring TestDispatcherServlet ''
2020-08-11 19:15:26.262  INFO 2948 --- [    Test worker] o.s.t.web.servlet.TestDispatcherServlet  : Initializing Servlet ''
2020-08-11 19:15:26.289  INFO 2948 --- [    Test worker] o.s.t.web.servlet.TestDispatcherServlet  : Completed initialization in 25 ms
2020-08-11 19:15:26.369  INFO 2948 --- [    Test worker] c.j.b.s.web.HelloControllerTest          : Started HelloControllerTest in 1.464 seconds (JVM running for 15.321)
]]></system-out>
  <system-err><![CDATA[]]></system-err>
</testsuite>
