<?xml version="1.0" encoding="UTF-8"?>
<testsuite name="com.june.book.springboot.web.HelloControllerTest" tests="2" skipped="0" failures="0" errors="0" timestamp="2020-08-20T07:22:40" hostname="JunePC" time="0.423">
  <properties/>
  <testcase name="hello가_리턴된다" classname="com.june.book.springboot.web.HelloControllerTest" time="0.211"/>
  <testcase name="helloDto가_리턴된다" classname="com.june.book.springboot.web.HelloControllerTest" time="0.207"/>
  <system-out><![CDATA[2020-08-20 16:22:37.145  INFO 18024 --- [    Test worker] .b.t.a.w.s.WebMvcTestContextBootstrapper : Neither @ContextConfiguration nor @ContextHierarchy found for test class [com.june.book.springboot.web.HelloControllerTest], using SpringBootContextLoader
2020-08-20 16:22:37.154  INFO 18024 --- [    Test worker] o.s.t.c.support.AbstractContextLoader    : Could not detect default resource locations for test class [com.june.book.springboot.web.HelloControllerTest]: no resource found for suffixes {-context.xml, Context.groovy}.
2020-08-20 16:22:37.159  INFO 18024 --- [    Test worker] t.c.s.AnnotationConfigContextLoaderUtils : Could not detect default configuration classes for test class [com.june.book.springboot.web.HelloControllerTest]: HelloControllerTest does not declare any static, non-private, non-final, nested classes annotated with @Configuration.
2020-08-20 16:22:37.357  INFO 18024 --- [    Test worker] .b.t.c.SpringBootTestContextBootstrapper : Found @SpringBootConfiguration com.june.book.springboot.Application for test class com.june.book.springboot.web.HelloControllerTest
2020-08-20 16:22:37.358  INFO 18024 --- [    Test worker] .b.t.a.w.s.WebMvcTestContextBootstrapper : Loaded default TestExecutionListener class names from location [META-INF/spring.factories]: [org.springframework.security.test.context.support.WithSecurityContextTestExecutionListener, org.springframework.security.test.context.support.ReactorContextTestExecutionListener, org.springframework.boot.test.autoconfigure.restdocs.RestDocsTestExecutionListener, org.springframework.boot.test.autoconfigure.web.client.MockRestServiceServerResetTestExecutionListener, org.springframework.boot.test.autoconfigure.web.servlet.MockMvcPrintOnlyOnFailureTestExecutionListener, org.springframework.boot.test.autoconfigure.web.servlet.WebDriverTestExecutionListener, org.springframework.boot.test.mock.mockito.MockitoTestExecutionListener, org.springframework.boot.test.mock.mockito.ResetMocksTestExecutionListener, org.springframework.test.context.web.ServletTestExecutionListener, org.springframework.test.context.support.DirtiesContextBeforeModesTestExecutionListener, org.springframework.test.context.support.DependencyInjectionTestExecutionListener, org.springframework.test.context.support.DirtiesContextTestExecutionListener, org.springframework.test.context.transaction.TransactionalTestExecutionListener, org.springframework.test.context.jdbc.SqlScriptsTestExecutionListener]
2020-08-20 16:22:37.362  INFO 18024 --- [    Test worker] .b.t.a.w.s.WebMvcTestContextBootstrapper : Using TestExecutionListeners: [org.springframework.test.context.web.ServletTestExecutionListener@3d78b76f, org.springframework.test.context.support.DirtiesContextBeforeModesTestExecutionListener@61ad65a8, org.springframework.boot.test.mock.mockito.MockitoTestExecutionListener@44cca1a2, org.springframework.boot.test.autoconfigure.SpringBootDependencyInjectionTestExecutionListener@24cba28, org.springframework.test.context.support.DirtiesContextTestExecutionListener@7a77b6c1, org.springframework.test.context.transaction.TransactionalTestExecutionListener@707d0c02, org.springframework.test.context.jdbc.SqlScriptsTestExecutionListener@519d721e, org.springframework.security.test.context.support.WithSecurityContextTestExecutionListener@36671fff, org.springframework.security.test.context.support.ReactorContextTestExecutionListener@71e1664c, org.springframework.boot.test.autoconfigure.restdocs.RestDocsTestExecutionListener@6964696e, org.springframework.boot.test.autoconfigure.web.client.MockRestServiceServerResetTestExecutionListener@53d3fbde, org.springframework.boot.test.autoconfigure.web.servlet.MockMvcPrintOnlyOnFailureTestExecutionListener@5d458ebc, org.springframework.boot.test.autoconfigure.web.servlet.WebDriverTestExecutionListener@27ec505e, org.springframework.boot.test.mock.mockito.ResetMocksTestExecutionListener@6d0962d4]

  .   ____          _            __ _ _
 /\\ / ___'_ __ _ _(_)_ __  __ _ \ \ \ \
( ( )\___ | '_ | '_| | '_ \/ _` | \ \ \ \
 \\/  ___)| |_)| | | | | || (_| |  ) ) ) )
  '  |____| .__|_| |_|_| |_\__, | / / / /
 =========|_|==============|___/=/_/_/_/
 :: Spring Boot ::        (v2.1.7.RELEASE)

2020-08-20 16:22:37.439  INFO 18024 --- [    Test worker] c.j.b.s.web.HelloControllerTest          : Starting HelloControllerTest on JunePC with PID 18024 (started by June in D:\freelec-springboot2-webservice)
2020-08-20 16:22:37.460  INFO 18024 --- [    Test worker] c.j.b.s.web.HelloControllerTest          : No active profile set, falling back to default profiles: default
2020-08-20 16:22:38.914  INFO 18024 --- [    Test worker] o.s.s.concurrent.ThreadPoolTaskExecutor  : Initializing ExecutorService 'applicationTaskExecutor'
2020-08-20 16:22:39.069  INFO 18024 --- [    Test worker] o.s.b.a.w.s.WelcomePageHandlerMapping    : Adding welcome page template: index
2020-08-20 16:22:39.641  INFO 18024 --- [    Test worker] .s.s.UserDetailsServiceAutoConfiguration : 

Using generated security password: e392ba77-aa96-4767-b6ea-61d9debc0875

2020-08-20 16:22:39.999  INFO 18024 --- [    Test worker] o.s.s.web.DefaultSecurityFilterChain     : Creating filter chain: any request, [org.springframework.security.web.context.request.async.WebAsyncManagerIntegrationFilter@64abca69, org.springframework.security.web.context.SecurityContextPersistenceFilter@4797792e, org.springframework.security.web.header.HeaderWriterFilter@41f5d492, org.springframework.security.web.csrf.CsrfFilter@5f19c712, org.springframework.security.web.authentication.logout.LogoutFilter@2c8d33b4, org.springframework.security.web.authentication.UsernamePasswordAuthenticationFilter@379c4984, org.springframework.security.web.authentication.ui.DefaultLoginPageGeneratingFilter@7bb9efa2, org.springframework.security.web.authentication.ui.DefaultLogoutPageGeneratingFilter@8a6e808, org.springframework.security.web.authentication.www.BasicAuthenticationFilter@325742cc, org.springframework.security.web.savedrequest.RequestCacheAwareFilter@69681788, org.springframework.security.web.servletapi.SecurityContextHolderAwareRequestFilter@6561f73, org.springframework.security.web.authentication.AnonymousAuthenticationFilter@6f9af2, org.springframework.security.web.session.SessionManagementFilter@50c5bae9, org.springframework.security.web.access.ExceptionTranslationFilter@7f2a2f63, org.springframework.security.web.access.intercept.FilterSecurityInterceptor@5cab2bc4]
2020-08-20 16:22:40.091  INFO 18024 --- [    Test worker] o.s.b.t.m.w.SpringBootMockServletContext : Initializing Spring TestDispatcherServlet ''
2020-08-20 16:22:40.092  INFO 18024 --- [    Test worker] o.s.t.web.servlet.TestDispatcherServlet  : Initializing Servlet ''
2020-08-20 16:22:40.123  INFO 18024 --- [    Test worker] o.s.t.web.servlet.TestDispatcherServlet  : Completed initialization in 30 ms
2020-08-20 16:22:40.199  INFO 18024 --- [    Test worker] c.j.b.s.web.HelloControllerTest          : Started HelloControllerTest in 2.832 seconds (JVM running for 27.788)
]]></system-out>
  <system-err><![CDATA[]]></system-err>
</testsuite>
